[2025-04-15 20:14:31.271] Servidor inicializando...
[2025-04-15 20:14:31.273] Servidor pronto, aguardando clientes...
[2025-04-15 20:14:48.925] Cliente conectado.
[2025-04-15 20:14:59.676] Tarefa entrou na fila. Posição atual: 1
[2025-04-15 20:14:59.676] [Thread 0] Iniciando tarefa: Operação 0 | Dados: Milene
[2025-04-15 20:14:59.677] [Thread 0] Fim da tarefa executada. Resposta enviada ao cliente.
[2025-04-15 20:15:45.720] Tarefa entrou na fila. Posição atual: 1
[2025-04-15 20:15:45.720] [Thread 1] Iniciando tarefa: Operação 0 | Dados: Daniel
[2025-04-15 20:15:45.721] [Thread 1] Fim da tarefa executada. Resposta enviada ao cliente.
[2025-04-15 20:16:17.079] Tarefa entrou na fila. Posição atual: 1
[2025-04-15 20:16:17.079] [Thread 2] Iniciando tarefa: Operação 1 | Dados: 3
[2025-04-15 20:16:17.079] [Thread 2] Fim da tarefa executada. Resposta enviada ao cliente.
[2025-04-15 20:18:16.784] Tarefa entrou na fila. Posição atual: 1
[2025-04-15 20:18:16.785] [Thread 3] Iniciando tarefa: Operação 2 | Dados: 1
[2025-04-15 20:18:16.785] [Thread 3] Fim da tarefa executada. Resposta enviada ao cliente.
[2025-04-15 20:18:22.085] Tarefa entrou na fila. Posição atual: 1
[2025-04-15 20:18:22.086] [Thread 0] Iniciando tarefa: Operação 2 | Dados: 4
[2025-04-15 20:18:22.086] [Thread 0] Fim da tarefa executada. Resposta enviada ao cliente.
[2025-04-15 20:18:33.775] Tarefa entrou na fila. Posição atual: 1
[2025-04-15 20:18:33.776] [Thread 1] Iniciando tarefa: Operação 3 | Dados: 1 Marcos
[2025-04-15 20:18:33.776] [Thread 1] Fim da tarefa executada. Resposta enviada ao cliente.
[2025-04-15 20:18:44.097] Tarefa entrou na fila. Posição atual: 1
[2025-04-15 20:18:44.097] [Thread 2] Iniciando tarefa: Operação 2 | Dados: 1
[2025-04-15 20:18:44.097] [Thread 2] Fim da tarefa executada. Resposta enviada ao cliente.
[2025-04-15 20:18:57.456] Cliente desconectado.
[2025-04-15 20:19:48.698] Cliente conectado.
[2025-04-15 20:19:54.596] Tarefa entrou na fila. Posição atual: 1
[2025-04-15 20:19:54.597] [Thread 3] Iniciando tarefa: Operação 0 | Dados: Milene
[2025-04-15 20:19:54.597] [Thread 3] Fim da tarefa executada. Resposta enviada ao cliente.
[2025-04-15 20:20:06.513] Tarefa entrou na fila. Posição atual: 1
[2025-04-15 20:20:06.513] [Thread 0] Iniciando tarefa: Operação 0 | Dados: Daniel
[2025-04-15 20:20:06.513] [Thread 0] Fim da tarefa executada. Resposta enviada ao cliente.
[2025-04-15 20:20:10.672] Cliente desconectado.
[2025-04-15 20:21:13.803] Servidor inicializando...
[2025-04-15 20:21:13.803] Servidor pronto, aguardando clientes...
[2025-04-15 20:21:19.648] Cliente conectado.
[2025-04-15 20:21:24.911] Tarefa entrou na fila. Posição atual: 1
[2025-04-15 20:21:24.912] [Thread 3] Iniciando tarefa: Operação 0 | Dados: Milene
[2025-04-15 20:21:24.912] [Thread 3] Fim da tarefa executada. Resposta enviada ao cliente.
[2025-04-15 20:21:37.415] Comando SHUTDOWN recebido. Encerrando o servidor...
[2025-04-15 20:21:37.416] Servidor encerrado.
[2025-04-16 01:58:21.986] Servidor inicializando...
[2025-04-16 01:58:21.997] Servidor pronto, aguardando clientes...
[2025-04-16 01:58:32.747] Cliente conectado.
[2025-04-16 01:58:46.734] Tarefa entrou na fila. Posição atual: 1
[2025-04-16 01:58:46.735] [Thread 3] Iniciando tarefa: Operação 0 | Dados: daniel
[2025-04-16 01:58:46.735] [Thread 3] Fim da tarefa executada. Resposta enviada ao cliente.
[2025-04-16 03:04:10.755] Cliente desconectado.
